#
# A fatal error has been detected by the Java Runtime Environment:
#
#  EXCEPTION_ACCESS_VIOLATION (0xc0000005) at pc=0x00007ffb2dd6c1c4, pid=25364, tid=27664
#
# JRE version: OpenJDK Runtime Environment (20.0.2+9) (build 20.0.2+9-78)
# Java VM: OpenJDK 64-Bit Server VM (20.0.2+9-78, mixed mode, sharing, tiered, compressed oops, compressed class ptrs, g1 gc, windows-amd64)
# Problematic frame:
# C  [cyjagent.dll+0xc1c4]
#
# No core dump will be written. Minidumps are not enabled by default on client versions of Windows
#
# If you would like to submit a bug report, please visit:
#   https://bugreport.java.com/bugreport/crash.jsp
# The crash happened outside the Java Virtual Machine in native code.
# See problematic frame for where to report the bug.
#

---------------  S U M M A R Y ------------

Command Line: -javaagent:C:\Program Files\JetBrains\IntelliJ IDEA Community Edition 2023.2.2\lib\idea_rt.jar=57560:C:\Program Files\JetBrains\IntelliJ IDEA Community Edition 2023.2.2\bin -Dfile.encoding=UTF-8 -Dsun.stdout.encoding=UTF-8 -Dsun.stderr.encoding=UTF-8 -agentpath:C:\Program Files\Palo Alto Networks\Traps\cyjagent.dll com.hiberus.RestaurantApplication

Host: 12th Gen Intel(R) Core(TM) i7-1255U, 12 cores, 15G,  Windows 11 , 64 bit Build 22621 (10.0.22621.2215)
Time: Sun Oct 15 21:30:51 2023 Hora de verano romance elapsed time: 0.270452 seconds (0d 0h 0m 0s)

---------------  T H R E A D  ---------------

Current thread (0x00000229d43abea0):  JavaThread "Monitor Ctrl-Break" daemon [_thread_in_native, id=27664, stack(0x000000f0b3d00000,0x000000f0b3e00000)]

Stack: [0x000000f0b3d00000,0x000000f0b3e00000],  sp=0x000000f0b3dfd650,  free space=1013k
Native frames: (J=compiled Java code, j=interpreted, Vv=VM code, C=native code)
C  [cyjagent.dll+0xc1c4]

Java frames: (J=compiled Java code, j=interpreted, Vv=VM code)
j  java.util.concurrent.ConcurrentSkipListMap.<clinit>()V+10 java.base@20.0.2
v  ~StubRoutines::call_stub 0x000002298753100d
j  java.util.concurrent.ConcurrentSkipListSet.<init>()V+5 java.base@20.0.2
j  java.net.InetAddress.<clinit>()V+83 java.base@20.0.2
v  ~StubRoutines::call_stub 0x000002298753100d
j  java.net.InetSocketAddress.<init>(Ljava/lang/String;I)V+15 java.base@20.0.2
j  java.net.Socket.<init>(Ljava/lang/String;I)V+11 java.base@20.0.2
j  com.intellij.rt.execution.application.AppMainV2$1.run()V+10
v  ~StubRoutines::call_stub 0x000002298753100d

siginfo: EXCEPTION_ACCESS_VIOLATION (0xc0000005), reading address 0x0000000000000000


Registers:
RAX=0x0000000000000000, RBX=0x00000229d43ac180, RCX=0x0000000000000000, RDX=0x00000229ecba52f0
RSP=0x000000f0b3dfd650, RBP=0x00000229f6c7f8d0, RSI=0x0000000000000000, RDI=0x00000229d407b818
R8 =0x000000f0b3dfd4c8, R9 =0x0000000000000000, R10=0x0000000000000000, R11=0x0000000000000246
R12=0x00000229d407b818, R13=0x0000000000000000, R14=0x00000229d43abea0, R15=0x0000000000000000
RIP=0x00007ffb2dd6c1c4, EFLAGS=0x0000000000010202


Register to memory mapping:

RIP=0x00007ffb2dd6c1c4 cyjagent.dll
RAX=0x0 is NULL
RBX=0x00000229d43ac180 points into unknown readable memory: 0x00007ffab20366d0 | d0 66 03 b2 fa 7f 00 00
RCX=0x0 is NULL
RDX=0x00000229ecba52f0 points into unknown readable memory: 0x00000229d43abea0 | a0 be 3a d4 29 02 00 00
RSP=0x000000f0b3dfd650 is pointing into the stack for thread: 0x00000229d43abea0
RBP=0x00000229f6c7f8d0 points into unknown readable memory: 0x00000229f6ba2740 | 40 27 ba f6 29 02 00 00
RSI=0x0 is NULL
RDI=0x00000229d407b818 points into unknown readable memory: 0x6974752f6176616a | 6a 61 76 61 2f 75 74 69
R8 =0x000000f0b3dfd4c8 is pointing into the stack for thread: 0x00000229d43abea0
R9 =0x0 is NULL
R10=0x0 is NULL
R11=0x0000000000000246 is an unknown value
R12=0x00000229d407b818 points into unknown readable memory: 0x6974752f6176616a | 6a 61 76 61 2f 75 74 69
R13=0x0 is NULL
R14=0x00000229d43abea0 is a thread
R15=0x0 is NULL


Top of Stack: (sp=0x000000f0b3dfd650)
0x000000f0b3dfd650:   00000229d407b818 00000229d43ac180
0x000000f0b3dfd660:   0000000000000544 00007ffab19598a2
0x000000f0b3dfd670:   0000000000000000 00007ffab1b9eb43
0x000000f0b3dfd680:   000002298f59f640 00000229f6c7f8d0
0x000000f0b3dfd690:   0000000000000030 000000f0b3dfd870
0x000000f0b3dfd6a0:   00000229ed29bd80 0000000000000000
0x000000f0b3dfd6b0:   000000f0b3dfd8a8 00007ffab1a710de
0x000000f0b3dfd6c0:   00000229ed29bd80 0000000000000000
0x000000f0b3dfd6d0:   000000f0b3dfd870 0000000000000544
0x000000f0b3dfd6e0:   00000229d407b818 0000000000000000
0x000000f0b3dfd6f0:   0000022900000544 00000229d407b2a0
0x000000f0b3dfd700:   000000f0b3dfd7f8 000000f0b3dfd718
0x000000f0b3dfd710:   0000000000000000 0000000000000000
0x000000f0b3dfd720:   0000000000000000 00007ffb2e0077ad
0x000000f0b3dfd730:   00000229d425e730 00000229d407b290
0x000000f0b3dfd740:   00000229d407b850 00000229d4083278
0x000000f0b3dfd750:   00000000000083b0 00000229d43abea0
0x000000f0b3dfd760:   00000229d43abea0 00000229d425e270
0x000000f0b3dfd770:   00000229d408c580 00000229d408c5a0
0x000000f0b3dfd780:   00000229d408c668 00000000000000d8
0x000000f0b3dfd790:   000000f0b3dfddf0 0000000000003a9c
0x000000f0b3dfd7a0:   0000000000000068 0000000000000000
0x000000f0b3dfd7b0:   0000000000000003 00000229ed29bd80
0x000000f0b3dfd7c0:   000000f0b3dfd870 000002298f30adf8
0x000000f0b3dfd7d0:   0000000000000028 00007ffab1a68cb2
0x000000f0b3dfd7e0:   00000229d402a801 00007ffb203e2632
0x000000f0b3dfd7f0:   00000229d425e701 0000000000000000
0x000000f0b3dfd800:   000002298f30adf8 000002298f59f640
0x000000f0b3dfd810:   000002298f59f640 00000229d402a8a0
0x000000f0b3dfd820:   0000000000000000 00007ffab1a68dab
0x000000f0b3dfd830:   000000f0b3dfd930 0000000000000000
0x000000f0b3dfd840:   0000000000000000 00000229d402a8a0 

Instructions: (pc=0x00007ffb2dd6c1c4)
0x00007ffb2dd6c0c4:   00 00 03 72 2d 44 8b ce 48 8d 05 3d e0 01 00 ba
0x00007ffb2dd6c0d4:   2f 00 00 00 4e 8b 0c c8 48 8b 89 b0 02 00 00 4c
0x00007ffb2dd6c0e4:   8d 05 56 df 01 00 e8 51 50 ff ff 48 8b 0d ea 38
0x00007ffb2dd6c0f4:   02 00 48 3b cb 74 68 f6 81 bc 02 00 00 10 74 5f
0x00007ffb2dd6c104:   80 b9 b9 02 00 00 02 72 56 4c 8b 8c 24 90 00 00
0x00007ffb2dd6c114:   00 4c 8d 05 24 df 01 00 48 8b 89 b0 02 00 00 ba
0x00007ffb2dd6c124:   31 00 00 00 e8 13 50 ff ff eb 34 49 8b 0f 4c 8b
0x00007ffb2dd6c134:   c3 48 8b d6 e8 d3 63 00 00 48 8b 84 24 b0 00 00
0x00007ffb2dd6c144:   00 89 18 48 8b 0d 6a 4c 02 00 4c 8b c6 33 d2 ff
0x00007ffb2dd6c154:   15 97 50 01 00 eb 08 a8 02 75 04 c6 47 40 01 b8
0x00007ffb2dd6c164:   ff ff ff ff f0 0f c1 47 10 4c 8b b4 24 88 00 00
0x00007ffb2dd6c174:   00 83 f8 01 75 42 48 8b 4f 18 48 81 c1 70 01 00
0x00007ffb2dd6c184:   00 ff 15 1d 51 01 00 48 8b 0f 48 8b 47 08 48 89
0x00007ffb2dd6c194:   08 48 89 41 08 48 8b 4f 18 48 81 c1 70 01 00 00
0x00007ffb2dd6c1a4:   ff 15 06 51 01 00 48 8b 0d 07 4c 02 00 4c 8b c7
0x00007ffb2dd6c1b4:   33 d2 ff 15 34 50 01 00 48 8b 4d 20 48 8b 55 10
0x00007ffb2dd6c1c4:   48 8b 01 48 8b 80 08 01 00 00 ff 15 0c 51 01 00
0x00007ffb2dd6c1d4:   85 c0 74 40 48 8b 0d 01 38 02 00 48 8d 15 fa 37
0x00007ffb2dd6c1e4:   02 00 48 3b ca 74 2d f6 81 bc 02 00 00 10 74 24
0x00007ffb2dd6c1f4:   80 b9 b9 02 00 00 03 72 1b 48 8b 89 b0 02 00 00
0x00007ffb2dd6c204:   4c 8d 05 35 de 01 00 ba 15 00 00 00 44 8b c8 e8
0x00007ffb2dd6c214:   68 4e ff ff 48 8b 6c 24 78 48 8b b4 24 80 00 00
0x00007ffb2dd6c224:   00 48 83 c4 50 41 5f 5f 5b c3 cc cc 40 57 48 83
0x00007ffb2dd6c234:   ec 30 f6 81 78 01 00 00 04 48 8b f9 0f 85 87 02
0x00007ffb2dd6c244:   00 00 48 89 5c 24 40 45 33 c9 48 89 6c 24 48 33
0x00007ffb2dd6c254:   d2 48 89 74 24 50 48 8b 71 20 45 8d 41 32 48 8b
0x00007ffb2dd6c264:   ce 48 8b 06 48 8b 40 08 ff 15 6e 50 01 00 48 8d
0x00007ffb2dd6c274:   2d 67 37 02 00 85 c0 74 37 48 8b 0d 5c 37 02 00
0x00007ffb2dd6c284:   48 3b cd 74 2b f6 81 bc 02 00 00 10 74 22 80 b9
0x00007ffb2dd6c294:   b9 02 00 00 02 72 19 48 8b 89 b0 02 00 00 ba 11
0x00007ffb2dd6c2a4:   00 00 00 89 44 24 20 44 8d 4a 21 e8 7c dc ff ff
0x00007ffb2dd6c2b4:   48 8b 06 45 33 c9 33 d2 48 8b ce 48 8b 40 08 45 


Stack slot to memory mapping:
stack at sp + 0 slots: 0x00000229d407b818 points into unknown readable memory: 0x6974752f6176616a | 6a 61 76 61 2f 75 74 69
stack at sp + 1 slots: 0x00000229d43ac180 points into unknown readable memory: 0x00007ffab20366d0 | d0 66 03 b2 fa 7f 00 00
stack at sp + 2 slots: 0x0000000000000544 is an unknown value
stack at sp + 3 slots: 0x00007ffab19598a2 jvm.dll
stack at sp + 4 slots: 0x0 is NULL
stack at sp + 5 slots: 0x00007ffab1b9eb43 jvm.dll
stack at sp + 6 slots: 0x000002298f59f640 is pointing into metadata
stack at sp + 7 slots: 0x00000229f6c7f8d0 points into unknown readable memory: 0x00000229f6ba2740 | 40 27 ba f6 29 02 00 00


---------------  P R O C E S S  ---------------

Threads class SMR info:
_java_thread_list=0x00000229d42ba710, length=12, elements={
0x00000229d401dff0, 0x00000229d401edf0, 0x00000229d4023d30, 0x00000229d40259b0,
0x00000229d4026550, 0x00000229d4027450, 0x00000229d402f8a0, 0x00000229d4034360,
0x00000229fd1dde50, 0x00000229d42b3e60, 0x00000229d43abea0, 0x00000229d43942e0
}

Java Threads: ( => current thread )
  0x00000229d401dff0 JavaThread "Reference Handler" daemon [_thread_blocked, id=10492, stack(0x000000f0b3300000,0x000000f0b3400000)]
  0x00000229d401edf0 JavaThread "Finalizer" daemon [_thread_blocked, id=13676, stack(0x000000f0b3400000,0x000000f0b3500000)]
  0x00000229d4023d30 JavaThread "Signal Dispatcher" daemon [_thread_blocked, id=6816, stack(0x000000f0b3500000,0x000000f0b3600000)]
  0x00000229d40259b0 JavaThread "Attach Listener" daemon [_thread_blocked, id=12024, stack(0x000000f0b3600000,0x000000f0b3700000)]
  0x00000229d4026550 JavaThread "Service Thread" daemon [_thread_blocked, id=27756, stack(0x000000f0b3700000,0x000000f0b3800000)]
  0x00000229d4027450 JavaThread "Monitor Deflation Thread" daemon [_thread_blocked, id=21052, stack(0x000000f0b3800000,0x000000f0b3900000)]
  0x00000229d402f8a0 JavaThread "C2 CompilerThread0" daemon [_thread_blocked, id=5824, stack(0x000000f0b3900000,0x000000f0b3a00000)]
  0x00000229d4034360 JavaThread "C1 CompilerThread0" daemon [_thread_blocked, id=26560, stack(0x000000f0b3a00000,0x000000f0b3b00000)]
  0x00000229fd1dde50 JavaThread "Common-Cleaner" daemon [_thread_blocked, id=10748, stack(0x000000f0b3b00000,0x000000f0b3c00000)]
  0x00000229d42b3e60 JavaThread "C2 CompilerThread1" daemon [_thread_blocked, id=27228, stack(0x000000f0b3c00000,0x000000f0b3d00000)]
=>0x00000229d43abea0 JavaThread "Monitor Ctrl-Break" daemon [_thread_in_native, id=27664, stack(0x000000f0b3d00000,0x000000f0b3e00000)]
  0x00000229d43942e0 JavaThread "Notification Thread" daemon [_thread_blocked, id=17952, stack(0x000000f0b3e00000,0x000000f0b3f00000)]

Other Threads:
  0x00000229fd1fcd70 VMThread "VM Thread" [stack: 0x000000f0b3200000,0x000000f0b3300000] [id=26872] _threads_hazard_ptr=0x00000229d42ba710
  0x00000229fd0206d0 WorkerThread "GC Thread#0" [stack: 0x000000f0b2d00000,0x000000f0b2e00000] [id=26352]
  0x00000229ed30e440 ConcurrentGCThread "G1 Main Marker" terminated
  0x00000229ed30f010 WorkerThread "G1 Conc#0" [stack: 0x000000f0b2f00000,0x000000f0b3000000] [id=27320]
  0x00000229fd0aea00 ConcurrentGCThread "G1 Refine#0" terminated
  0x00000229fd0af4a0 ConcurrentGCThread "G1 Service" terminated

Threads with active compile tasks:

VM state: at safepoint (normal execution)

VM Mutex/Monitor currently owned by a thread:  ([mutex/lock_event])
[0x00000229ed2aa6d0] Threads_lock - owner thread: 0x00000229fd1fcd70
[0x00000229ed2ad1e0] Heap_lock - owner thread: 0x00000229ed2adb20

Heap address: 0x0000000705000000, size: 4016 MB, Compressed Oops mode: Zero based, Oop shift amount: 3

CDS archive(s) mapped at: [0x000002298f000000-0x000002298fc60000-0x000002298fc60000), size 12976128, SharedBaseAddress: 0x000002298f000000, ArchiveRelocationMode: 1.
Compressed class space mapped at: 0x0000022990000000-0x00000229d0000000, reserved size: 1073741824
Narrow klass base: 0x000002298f000000, Narrow klass shift: 0, Narrow klass range: 0x100000000

GC Precious Log:
 CardTable entry size: 512
 Card Set container configuration: InlinePtr #cards 4 size 8 Array Of Cards #cards 16 size 48 Howl #buckets 8 coarsen threshold 3686 Howl Bitmap #cards 512 size 80 coarsen threshold 460 Card regions per heap region 1 cards per card region 4096
 CPUs: 12 total, 12 available
 Memory: 16059M
 Large Page Support: Disabled
 NUMA Support: Disabled
 Compressed Oops: Enabled (Zero based)
 Heap Region Size: 2M
 Heap Min Capacity: 8M
 Heap Initial Capacity: 252M
 Heap Max Capacity: 4016M
 Pre-touch: Disabled
 Parallel Workers: 10
 Concurrent Workers: 3
 Concurrent Refinement Workers: 10
 Periodic GC: Disabled

Heap:
 garbage-first heap   total 258048K, used 8192K [0x0000000705000000, 0x0000000800000000)
  region size 2048K, 6 young (12288K), 0 survivors (0K)
 Metaspace       used 686K, committed 832K, reserved 1114112K
  class space    used 30K, committed 128K, reserved 1048576K

Heap Regions: E=young(eden), S=young(survivor), O=old, HS=humongous(starts), HC=humongous(continues), CS=collection set, F=free, OA=open archive, CA=closed archive, TAMS=top-at-mark-start, PB=parsable bottom
|   0|0x0000000705000000, 0x0000000705000000, 0x0000000705200000|  0%| F|  |TAMS 0x0000000705000000| PB 0x0000000705000000| Untracked 
|   1|0x0000000705200000, 0x0000000705200000, 0x0000000705400000|  0%| F|  |TAMS 0x0000000705200000| PB 0x0000000705200000| Untracked 
|   2|0x0000000705400000, 0x0000000705400000, 0x0000000705600000|  0%| F|  |TAMS 0x0000000705400000| PB 0x0000000705400000| Untracked 
|   3|0x0000000705600000, 0x0000000705600000, 0x0000000705800000|  0%| F|  |TAMS 0x0000000705600000| PB 0x0000000705600000| Untracked 
|   4|0x0000000705800000, 0x0000000705800000, 0x0000000705a00000|  0%| F|  |TAMS 0x0000000705800000| PB 0x0000000705800000| Untracked 
|   5|0x0000000705a00000, 0x0000000705a00000, 0x0000000705c00000|  0%| F|  |TAMS 0x0000000705a00000| PB 0x0000000705a00000| Untracked 
|   6|0x0000000705c00000, 0x0000000705c00000, 0x0000000705e00000|  0%| F|  |TAMS 0x0000000705c00000| PB 0x0000000705c00000| Untracked 
|   7|0x0000000705e00000, 0x0000000705e00000, 0x0000000706000000|  0%| F|  |TAMS 0x0000000705e00000| PB 0x0000000705e00000| Untracked 
|   8|0x0000000706000000, 0x0000000706000000, 0x0000000706200000|  0%| F|  |TAMS 0x0000000706000000| PB 0x0000000706000000| Untracked 
|   9|0x0000000706200000, 0x0000000706200000, 0x0000000706400000|  0%| F|  |TAMS 0x0000000706200000| PB 0x0000000706200000| Untracked 
|  10|0x0000000706400000, 0x0000000706400000, 0x0000000706600000|  0%| F|  |TAMS 0x0000000706400000| PB 0x0000000706400000| Untracked 
|  11|0x0000000706600000, 0x0000000706600000, 0x0000000706800000|  0%| F|  |TAMS 0x0000000706600000| PB 0x0000000706600000| Untracked 
|  12|0x0000000706800000, 0x0000000706800000, 0x0000000706a00000|  0%| F|  |TAMS 0x0000000706800000| PB 0x0000000706800000| Untracked 
|  13|0x0000000706a00000, 0x0000000706a00000, 0x0000000706c00000|  0%| F|  |TAMS 0x0000000706a00000| PB 0x0000000706a00000| Untracked 
|  14|0x0000000706c00000, 0x0000000706c00000, 0x0000000706e00000|  0%| F|  |TAMS 0x0000000706c00000| PB 0x0000000706c00000| Untracked 
|  15|0x0000000706e00000, 0x0000000706e00000, 0x0000000707000000|  0%| F|  |TAMS 0x0000000706e00000| PB 0x0000000706e00000| Untracked 
|  16|0x0000000707000000, 0x0000000707000000, 0x0000000707200000|  0%| F|  |TAMS 0x0000000707000000| PB 0x0000000707000000| Untracked 
|  17|0x0000000707200000, 0x0000000707200000, 0x0000000707400000|  0%| F|  |TAMS 0x0000000707200000| PB 0x0000000707200000| Untracked 
|  18|0x0000000707400000, 0x0000000707400000, 0x0000000707600000|  0%| F|  |TAMS 0x0000000707400000| PB 0x0000000707400000| Untracked 
|  19|0x0000000707600000, 0x0000000707600000, 0x0000000707800000|  0%| F|  |TAMS 0x0000000707600000| PB 0x0000000707600000| Untracked 
|  20|0x0000000707800000, 0x0000000707800000, 0x0000000707a00000|  0%| F|  |TAMS 0x0000000707800000| PB 0x0000000707800000| Untracked 
|  21|0x0000000707a00000, 0x0000000707a00000, 0x0000000707c00000|  0%| F|  |TAMS 0x0000000707a00000| PB 0x0000000707a00000| Untracked 
|  22|0x0000000707c00000, 0x0000000707c00000, 0x0000000707e00000|  0%| F|  |TAMS 0x0000000707c00000| PB 0x0000000707c00000| Untracked 
|  23|0x0000000707e00000, 0x0000000707e00000, 0x0000000708000000|  0%| F|  |TAMS 0x0000000707e00000| PB 0x0000000707e00000| Untracked 
|  24|0x0000000708000000, 0x0000000708000000, 0x0000000708200000|  0%| F|  |TAMS 0x0000000708000000| PB 0x0000000708000000| Untracked 
|  25|0x0000000708200000, 0x0000000708200000, 0x0000000708400000|  0%| F|  |TAMS 0x0000000708200000| PB 0x0000000708200000| Untracked 
|  26|0x0000000708400000, 0x0000000708400000, 0x0000000708600000|  0%| F|  |TAMS 0x0000000708400000| PB 0x0000000708400000| Untracked 
|  27|0x0000000708600000, 0x0000000708600000, 0x0000000708800000|  0%| F|  |TAMS 0x0000000708600000| PB 0x0000000708600000| Untracked 
|  28|0x0000000708800000, 0x0000000708800000, 0x0000000708a00000|  0%| F|  |TAMS 0x0000000708800000| PB 0x0000000708800000| Untracked 
|  29|0x0000000708a00000, 0x0000000708a00000, 0x0000000708c00000|  0%| F|  |TAMS 0x0000000708a00000| PB 0x0000000708a00000| Untracked 
|  30|0x0000000708c00000, 0x0000000708c00000, 0x0000000708e00000|  0%| F|  |TAMS 0x0000000708c00000| PB 0x0000000708c00000| Untracked 
|  31|0x0000000708e00000, 0x0000000708e00000, 0x0000000709000000|  0%| F|  |TAMS 0x0000000708e00000| PB 0x0000000708e00000| Untracked 
|  32|0x0000000709000000, 0x0000000709000000, 0x0000000709200000|  0%| F|  |TAMS 0x0000000709000000| PB 0x0000000709000000| Untracked 
|  33|0x0000000709200000, 0x0000000709200000, 0x0000000709400000|  0%| F|  |TAMS 0x0000000709200000| PB 0x0000000709200000| Untracked 
|  34|0x0000000709400000, 0x0000000709400000, 0x0000000709600000|  0%| F|  |TAMS 0x0000000709400000| PB 0x0000000709400000| Untracked 
|  35|0x0000000709600000, 0x0000000709600000, 0x0000000709800000|  0%| F|  |TAMS 0x0000000709600000| PB 0x0000000709600000| Untracked 
|  36|0x0000000709800000, 0x0000000709800000, 0x0000000709a00000|  0%| F|  |TAMS 0x0000000709800000| PB 0x0000000709800000| Untracked 
|  37|0x0000000709a00000, 0x0000000709a00000, 0x0000000709c00000|  0%| F|  |TAMS 0x0000000709a00000| PB 0x0000000709a00000| Untracked 
|  38|0x0000000709c00000, 0x0000000709c00000, 0x0000000709e00000|  0%| F|  |TAMS 0x0000000709c00000| PB 0x0000000709c00000| Untracked 
|  39|0x0000000709e00000, 0x0000000709e00000, 0x000000070a000000|  0%| F|  |TAMS 0x0000000709e00000| PB 0x0000000709e00000| Untracked 
|  40|0x000000070a000000, 0x000000070a000000, 0x000000070a200000|  0%| F|  |TAMS 0x000000070a000000| PB 0x000000070a000000| Untracked 
|  41|0x000000070a200000, 0x000000070a200000, 0x000000070a400000|  0%| F|  |TAMS 0x000000070a200000| PB 0x000000070a200000| Untracked 
|  42|0x000000070a400000, 0x000000070a400000, 0x000000070a600000|  0%| F|  |TAMS 0x000000070a400000| PB 0x000000070a400000| Untracked 
|  43|0x000000070a600000, 0x000000070a600000, 0x000000070a800000|  0%| F|  |TAMS 0x000000070a600000| PB 0x000000070a600000| Untracked 
|  44|0x000000070a800000, 0x000000070a800000, 0x000000070aa00000|  0%| F|  |TAMS 0x000000070a800000| PB 0x000000070a800000| Untracked 
|  45|0x000000070aa00000, 0x000000070aa00000, 0x000000070ac00000|  0%| F|  |TAMS 0x000000070aa00000| PB 0x000000070aa00000| Untracked 
|  46|0x000000070ac00000, 0x000000070ac00000, 0x000000070ae00000|  0%| F|  |TAMS 0x000000070ac00000| PB 0x000000070ac00000| Untracked 
|  47|0x000000070ae00000, 0x000000070ae00000, 0x000000070b000000|  0%| F|  |TAMS 0x000000070ae00000| PB 0x000000070ae00000| Untracked 
|  48|0x000000070b000000, 0x000000070b000000, 0x000000070b200000|  0%| F|  |TAMS 0x000000070b000000| PB 0x000000070b000000| Untracked 
|  49|0x000000070b200000, 0x000000070b200000, 0x000000070b400000|  0%| F|  |TAMS 0x000000070b200000| PB 0x000000070b200000| Untracked 
|  50|0x000000070b400000, 0x000000070b400000, 0x000000070b600000|  0%| F|  |TAMS 0x000000070b400000| PB 0x000000070b400000| Untracked 
|  51|0x000000070b600000, 0x000000070b600000, 0x000000070b800000|  0%| F|  |TAMS 0x000000070b600000| PB 0x000000070b600000| Untracked 
|  52|0x000000070b800000, 0x000000070b800000, 0x000000070ba00000|  0%| F|  |TAMS 0x000000070b800000| PB 0x000000070b800000| Untracked 
|  53|0x000000070ba00000, 0x000000070ba00000, 0x000000070bc00000|  0%| F|  |TAMS 0x000000070ba00000| PB 0x000000070ba00000| Untracked 
|  54|0x000000070bc00000, 0x000000070bc00000, 0x000000070be00000|  0%| F|  |TAMS 0x000000070bc00000| PB 0x000000070bc00000| Untracked 
|  55|0x000000070be00000, 0x000000070be00000, 0x000000070c000000|  0%| F|  |TAMS 0x000000070be00000| PB 0x000000070be00000| Untracked 
|  56|0x000000070c000000, 0x000000070c000000, 0x000000070c200000|  0%| F|  |TAMS 0x000000070c000000| PB 0x000000070c000000| Untracked 
|  57|0x000000070c200000, 0x000000070c200000, 0x000000070c400000|  0%| F|  |TAMS 0x000000070c200000| PB 0x000000070c200000| Untracked 
|  58|0x000000070c400000, 0x000000070c400000, 0x000000070c600000|  0%| F|  |TAMS 0x000000070c400000| PB 0x000000070c400000| Untracked 
|  59|0x000000070c600000, 0x000000070c600000, 0x000000070c800000|  0%| F|  |TAMS 0x000000070c600000| PB 0x000000070c600000| Untracked 
|  60|0x000000070c800000, 0x000000070c800000, 0x000000070ca00000|  0%| F|  |TAMS 0x000000070c800000| PB 0x000000070c800000| Untracked 
|  61|0x000000070ca00000, 0x000000070ca00000, 0x000000070cc00000|  0%| F|  |TAMS 0x000000070ca00000| PB 0x000000070ca00000| Untracked 
|  62|0x000000070cc00000, 0x000000070cc00000, 0x000000070ce00000|  0%| F|  |TAMS 0x000000070cc00000| PB 0x000000070cc00000| Untracked 
|  63|0x000000070ce00000, 0x000000070ce00000, 0x000000070d000000|  0%| F|  |TAMS 0x000000070ce00000| PB 0x000000070ce00000| Untracked 
|  64|0x000000070d000000, 0x000000070d000000, 0x000000070d200000|  0%| F|  |TAMS 0x000000070d000000| PB 0x000000070d000000| Untracked 
|  65|0x000000070d200000, 0x000000070d200000, 0x000000070d400000|  0%| F|  |TAMS 0x000000070d200000| PB 0x000000070d200000| Untracked 
|  66|0x000000070d400000, 0x000000070d400000, 0x000000070d600000|  0%| F|  |TAMS 0x000000070d400000| PB 0x000000070d400000| Untracked 
|  67|0x000000070d600000, 0x000000070d600000, 0x000000070d800000|  0%| F|  |TAMS 0x000000070d600000| PB 0x000000070d600000| Untracked 
|  68|0x000000070d800000, 0x000000070d800000, 0x000000070da00000|  0%| F|  |TAMS 0x000000070d800000| PB 0x000000070d800000| Untracked 
|  69|0x000000070da00000, 0x000000070da00000, 0x000000070dc00000|  0%| F|  |TAMS 0x000000070da00000| PB 0x000000070da00000| Untracked 
|  70|0x000000070dc00000, 0x000000070dc00000, 0x000000070de00000|  0%| F|  |TAMS 0x000000070dc00000| PB 0x000000070dc00000| Untracked 
|  71|0x000000070de00000, 0x000000070de00000, 0x000000070e000000|  0%| F|  |TAMS 0x000000070de00000| PB 0x000000070de00000| Untracked 
|  72|0x000000070e000000, 0x000000070e000000, 0x000000070e200000|  0%| F|  |TAMS 0x000000070e000000| PB 0x000000070e000000| Untracked 
|  73|0x000000070e200000, 0x000000070e200000, 0x000000070e400000|  0%| F|  |TAMS 0x000000070e200000| PB 0x000000070e200000| Untracked 
|  74|0x000000070e400000, 0x000000070e400000, 0x000000070e600000|  0%| F|  |TAMS 0x000000070e400000| PB 0x000000070e400000| Untracked 
|  75|0x000000070e600000, 0x000000070e600000, 0x000000070e800000|  0%| F|  |TAMS 0x000000070e600000| PB 0x000000070e600000| Untracked 
|  76|0x000000070e800000, 0x000000070e800000, 0x000000070ea00000|  0%| F|  |TAMS 0x000000070e800000| PB 0x000000070e800000| Untracked 
|  77|0x000000070ea00000, 0x000000070ea00000, 0x000000070ec00000|  0%| F|  |TAMS 0x000000070ea00000| PB 0x000000070ea00000| Untracked 
|  78|0x000000070ec00000, 0x000000070ec00000, 0x000000070ee00000|  0%| F|  |TAMS 0x000000070ec00000| PB 0x000000070ec00000| Untracked 
|  79|0x000000070ee00000, 0x000000070ee00000, 0x000000070f000000|  0%| F|  |TAMS 0x000000070ee00000| PB 0x000000070ee00000| Untracked 
|  80|0x000000070f000000, 0x000000070f000000, 0x000000070f200000|  0%| F|  |TAMS 0x000000070f000000| PB 0x000000070f000000| Untracked 
|  81|0x000000070f200000, 0x000000070f200000, 0x000000070f400000|  0%| F|  |TAMS 0x000000070f200000| PB 0x000000070f200000| Untracked 
|  82|0x000000070f400000, 0x000000070f400000, 0x000000070f600000|  0%| F|  |TAMS 0x000000070f400000| PB 0x000000070f400000| Untracked 
|  83|0x000000070f600000, 0x000000070f600000, 0x000000070f800000|  0%| F|  |TAMS 0x000000070f600000| PB 0x000000070f600000| Untracked 
|  84|0x000000070f800000, 0x000000070f800000, 0x000000070fa00000|  0%| F|  |TAMS 0x000000070f800000| PB 0x000000070f800000| Untracked 
|  85|0x000000070fa00000, 0x000000070fa00000, 0x000000070fc00000|  0%| F|  |TAMS 0x000000070fa00000| PB 0x000000070fa00000| Untracked 
|  86|0x000000070fc00000, 0x000000070fc00000, 0x000000070fe00000|  0%| F|  |TAMS 0x000000070fc00000| PB 0x000000070fc00000| Untracked 
|  87|0x000000070fe00000, 0x000000070fe00000, 0x0000000710000000|  0%| F|  |TAMS 0x000000070fe00000| PB 0x000000070fe00000| Untracked 
|  88|0x0000000710000000, 0x0000000710000000, 0x0000000710200000|  0%| F|  |TAMS 0x0000000710000000| PB 0x0000000710000000| Untracked 
|  89|0x0000000710200000, 0x0000000710200000, 0x0000000710400000|  0%| F|  |TAMS 0x0000000710200000| PB 0x0000000710200000| Untracked 
|  90|0x0000000710400000, 0x0000000710400000, 0x0000000710600000|  0%| F|  |TAMS 0x0000000710400000| PB 0x0000000710400000| Untracked 
|  91|0x0000000710600000, 0x0000000710600000, 0x0000000710800000|  0%| F|  |TAMS 0x0000000710600000| PB 0x0000000710600000| Untracked 
|  92|0x0000000710800000, 0x0000000710800000, 0x0000000710a00000|  0%| F|  |TAMS 0x0000000710800000| PB 0x0000000710800000| Untracked 
|  93|0x0000000710a00000, 0x0000000710a00000, 0x0000000710c00000|  0%| F|  |TAMS 0x0000000710a00000| PB 0x0000000710a00000| Untracked 
|  94|0x0000000710c00000, 0x0000000710c00000, 0x0000000710e00000|  0%| F|  |TAMS 0x0000000710c00000| PB 0x0000000710c00000| Untracked 
|  95|0x0000000710e00000, 0x0000000710e00000, 0x0000000711000000|  0%| F|  |TAMS 0x0000000710e00000| PB 0x0000000710e00000| Untracked 
|  96|0x0000000711000000, 0x0000000711000000, 0x0000000711200000|  0%| F|  |TAMS 0x0000000711000000| PB 0x0000000711000000| Untracked 
|  97|0x0000000711200000, 0x0000000711200000, 0x0000000711400000|  0%| F|  |TAMS 0x0000000711200000| PB 0x0000000711200000| Untracked 
|  98|0x0000000711400000, 0x0000000711400000, 0x0000000711600000|  0%| F|  |TAMS 0x0000000711400000| PB 0x0000000711400000| Untracked 
|  99|0x0000000711600000, 0x0000000711600000, 0x0000000711800000|  0%| F|  |TAMS 0x0000000711600000| PB 0x0000000711600000| Untracked 
| 100|0x0000000711800000, 0x0000000711800000, 0x0000000711a00000|  0%| F|  |TAMS 0x0000000711800000| PB 0x0000000711800000| Untracked 
| 101|0x0000000711a00000, 0x0000000711a00000, 0x0000000711c00000|  0%| F|  |TAMS 0x0000000711a00000| PB 0x0000000711a00000| Untracked 
| 102|0x0000000711c00000, 0x0000000711c00000, 0x0000000711e00000|  0%| F|  |TAMS 0x0000000711c00000| PB 0x0000000711c00000| Untracked 
| 103|0x0000000711e00000, 0x0000000711e00000, 0x0000000712000000|  0%| F|  |TAMS 0x0000000711e00000| PB 0x0000000711e00000| Untracked 
| 104|0x0000000712000000, 0x0000000712000000, 0x0000000712200000|  0%| F|  |TAMS 0x0000000712000000| PB 0x0000000712000000| Untracked 
| 105|0x0000000712200000, 0x0000000712200000, 0x0000000712400000|  0%| F|  |TAMS 0x0000000712200000| PB 0x0000000712200000| Untracked 
| 106|0x0000000712400000, 0x0000000712400000, 0x0000000712600000|  0%| F|  |TAMS 0x0000000712400000| PB 0x0000000712400000| Untracked 
| 107|0x0000000712600000, 0x0000000712600000, 0x0000000712800000|  0%| F|  |TAMS 0x0000000712600000| PB 0x0000000712600000| Untracked 
| 108|0x0000000712800000, 0x0000000712800000, 0x0000000712a00000|  0%| F|  |TAMS 0x0000000712800000| PB 0x0000000712800000| Untracked 
| 109|0x0000000712a00000, 0x0000000712a00000, 0x0000000712c00000|  0%| F|  |TAMS 0x0000000712a00000| PB 0x0000000712a00000| Untracked 
| 110|0x0000000712c00000, 0x0000000712c00000, 0x0000000712e00000|  0%| F|  |TAMS 0x0000000712c00000| PB 0x0000000712c00000| Untracked 
| 111|0x0000000712e00000, 0x0000000712e00000, 0x0000000713000000|  0%| F|  |TAMS 0x0000000712e00000| PB 0x0000000712e00000| Untracked 
| 112|0x0000000713000000, 0x0000000713000000, 0x0000000713200000|  0%| F|  |TAMS 0x0000000713000000| PB 0x0000000713000000| Untracked 
| 113|0x0000000713200000, 0x0000000713200000, 0x0000000713400000|  0%| F|  |TAMS 0x0000000713200000| PB 0x0000000713200000| Untracked 
| 114|0x0000000713400000, 0x0000000713400000, 0x0000000713600000|  0%| F|  |TAMS 0x0000000713400000| PB 0x0000000713400000| Untracked 
| 115|0x0000000713600000, 0x0000000713600000, 0x0000000713800000|  0%| F|  |TAMS 0x0000000713600000| PB 0x0000000713600000| Untracked 
| 116|0x0000000713800000, 0x0000000713800000, 0x0000000713a00000|  0%| F|  |TAMS 0x0000000713800000| PB 0x0000000713800000| Untracked 
| 117|0x0000000713a00000, 0x0000000713a00000, 0x0000000713c00000|  0%| F|  |TAMS 0x0000000713a00000| PB 0x0000000713a00000| Untracked 
| 118|0x0000000713c00000, 0x0000000713c00000, 0x0000000713e00000|  0%| F|  |TAMS 0x0000000713c00000| PB 0x0000000713c00000| Untracked 
| 119|0x0000000713e00000, 0x0000000713e00000, 0x0000000714000000|  0%| F|  |TAMS 0x0000000713e00000| PB 0x0000000713e00000| Untracked 
| 120|0x0000000714000000, 0x0000000714157450, 0x0000000714200000| 67%| E|  |TAMS 0x0000000714000000| PB 0x0000000714000000| Complete 
| 121|0x0000000714200000, 0x0000000714400000, 0x0000000714400000|100%| E|CS|TAMS 0x0000000714200000| PB 0x0000000714200000| Complete 
| 122|0x0000000714400000, 0x0000000714600000, 0x0000000714600000|100%| E|CS|TAMS 0x0000000714400000| PB 0x0000000714400000| Complete 
| 123|0x0000000714600000, 0x0000000714800000, 0x0000000714800000|100%| E|CS|TAMS 0x0000000714600000| PB 0x0000000714600000| Complete 
| 124|0x0000000714800000, 0x0000000714a00000, 0x0000000714a00000|100%| E|  |TAMS 0x0000000714800000| PB 0x0000000714800000| Complete 
| 125|0x0000000714a00000, 0x0000000714c00000, 0x0000000714c00000|100%| E|CS|TAMS 0x0000000714a00000| PB 0x0000000714a00000| Complete 

Card table byte_map: [0x00000229f80f0000,0x00000229f88d0000] _byte_map_base: 0x00000229f48c8000

Marking Bits: (CMBitMap*) 0x00000229ed2fe2a0
 Bits: [0x00000229f90b0000, 0x00000229fcf70000)

Polling page: 0x00000229ed090000

Metaspace:

Usage:
  Non-class:    655.55 KB used.
      Class:     30.76 KB used.
       Both:    686.31 KB used.

Virtual space:
  Non-class space:       64.00 MB reserved,     704.00 KB (  1%) committed,  1 nodes.
      Class space:        1.00 GB reserved,     128.00 KB ( <1%) committed,  1 nodes.
             Both:        1.06 GB reserved,     832.00 KB ( <1%) committed. 

Chunk freelists:
   Non-Class:  3.97 MB
       Class:  3.73 MB
        Both:  7.70 MB

MaxMetaspaceSize: unlimited
CompressedClassSpaceSize: 1.00 GB
Initial GC threshold: 21.00 MB
Current GC threshold: 21.00 MB
CDS: on
MetaspaceReclaimPolicy: balanced
 - commit_granule_bytes: 65536.
 - commit_granule_words: 8192.
 - virtual_space_node_default_size: 8388608.
 - enlarge_chunks_in_place: 1.
 - new_chunks_are_fully_committed: 0.
 - uncommit_free_chunks: 1.
 - use_allocation_guard: 0.


Internal statistics:

num_allocs_failed_limit: 0.
num_arena_births: 22.
num_arena_deaths: 0.
num_vsnodes_births: 2.
num_vsnodes_deaths: 0.
num_space_committed: 13.
num_space_uncommitted: 0.
num_chunks_returned_to_freelist: 0.
num_chunks_taken_from_freelist: 27.
num_chunk_merges: 0.
num_chunk_splits: 16.
num_chunks_enlarged: 10.
num_inconsistent_stats: 0.

CodeHeap 'non-profiled nmethods': size=120000Kb used=140Kb max_used=140Kb free=119859Kb
 bounds [0x0000022987ad0000, 0x0000022987d40000, 0x000002298f000000]
CodeHeap 'profiled nmethods': size=120000Kb used=579Kb max_used=579Kb free=119420Kb
 bounds [0x0000022980000000, 0x0000022980270000, 0x0000022987530000]
CodeHeap 'non-nmethods': size=5760Kb used=1350Kb max_used=1358Kb free=4409Kb
 bounds [0x0000022987530000, 0x00000229877a0000, 0x0000022987ad0000]
 total_blobs=818 nmethods=414 adapters=315
 compilation: enabled
              stopped_count=0, restarted_count=0
 full_count=0

Compilation events (20 events):
Event: 0.245 Thread 0x00000229d4034360  406       3       java.util.ArrayList::get (15 bytes)
Event: 0.245 Thread 0x00000229d4034360 nmethod 406 0x000002298008b190 code [0x000002298008b340, 0x000002298008b590]
Event: 0.245 Thread 0x00000229d4034360  407       3       java.util.ArrayList::elementData (7 bytes)
Event: 0.245 Thread 0x00000229d4034360 nmethod 407 0x000002298008b710 code [0x000002298008b8a0, 0x000002298008b9e0]
Event: 0.245 Thread 0x00000229d4034360  408       3       java.lang.StringConcatHelper::newArray (40 bytes)
Event: 0.245 Thread 0x00000229d4034360 nmethod 408 0x000002298008ba90 code [0x000002298008bc40, 0x000002298008bf60]
Event: 0.245 Thread 0x00000229d4034360  410  s!   3       jdk.internal.loader.URLClassPath::getLoader (194 bytes)
Event: 0.246 Thread 0x00000229d4034360 nmethod 410 0x000002298008c090 code [0x000002298008c380, 0x000002298008d6b8]
Event: 0.246 Thread 0x00000229d4034360  411   !   3       java.util.jar.JarFile::isMultiRelease (33 bytes)
Event: 0.246 Thread 0x00000229d4034360 nmethod 411 0x000002298008de90 code [0x000002298008e020, 0x000002298008e228]
Event: 0.246 Thread 0x00000229d4034360  412   !   3       jdk.internal.loader.URLClassPath$JarLoader::getResource (65 bytes)
Event: 0.247 Thread 0x00000229d4034360 nmethod 412 0x000002298008e310 code [0x000002298008e560, 0x000002298008eed8]
Event: 0.247 Thread 0x00000229d4034360  413       3       java.util.jar.JarFile::getJarEntry (9 bytes)
Event: 0.247 Thread 0x00000229d4034360 nmethod 413 0x000002298008f210 code [0x000002298008f3e0, 0x000002298008f8b0]
Event: 0.247 Thread 0x00000229d4034360  409       3       jdk.internal.misc.Unsafe::allocateUninitializedArray (55 bytes)
Event: 0.247 Thread 0x00000229d4034360 nmethod 409 0x000002298008fa10 code [0x000002298008fbe0, 0x0000022980090028]
Event: 0.251 Thread 0x00000229d4034360  414       3       java.lang.StringUTF16::getChar (60 bytes)
Event: 0.251 Thread 0x00000229d4034360 nmethod 414 0x0000022980090210 code [0x00000229800903a0, 0x0000022980090510]
Event: 0.251 Thread 0x00000229d4034360  415       3       java.lang.invoke.MethodType::methodType (69 bytes)
Event: 0.252 Thread 0x00000229d4034360 nmethod 415 0x0000022980090610 code [0x0000022980090800, 0x0000022980090ce0]

GC Heap History (0 events):
No events

Dll operation events (8 events):
Event: 0.015 Loaded shared library C:\Users\rlmendoza\.jdks\openjdk-20.0.2\bin\java.dll
Event: 0.030 Loaded shared library C:\Users\rlmendoza\.jdks\openjdk-20.0.2\bin\jsvml.dll
Event: 0.146 Loaded shared library C:\Users\rlmendoza\.jdks\openjdk-20.0.2\bin\zip.dll
Event: 0.148 Loaded shared library C:\Users\rlmendoza\.jdks\openjdk-20.0.2\bin\instrument.dll
Event: 0.156 Loaded shared library C:\Users\rlmendoza\.jdks\openjdk-20.0.2\bin\net.dll
Event: 0.158 Loaded shared library C:\Users\rlmendoza\.jdks\openjdk-20.0.2\bin\nio.dll
Event: 0.165 Loaded shared library C:\Users\rlmendoza\.jdks\openjdk-20.0.2\bin\zip.dll
Event: 0.248 Loaded shared library C:\Program Files\JetBrains\IntelliJ IDEA Community Edition 2023.2.2\bin\breakgen64.dll

Deoptimization events (20 events):
Event: 0.170 Thread 0x00000229ed2adb20 DEOPT PACKING pc=0x0000022980034ffc sp=0x000000f0b2cfddf0
Event: 0.170 Thread 0x00000229ed2adb20 DEOPT UNPACKING pc=0x000002298759a4c2 sp=0x000000f0b2cfd280 mode 0
Event: 0.170 Thread 0x00000229ed2adb20 DEOPT PACKING pc=0x0000022980034ffc sp=0x000000f0b2cfddf0
Event: 0.170 Thread 0x00000229ed2adb20 DEOPT UNPACKING pc=0x000002298759a4c2 sp=0x000000f0b2cfd280 mode 0
Event: 0.170 Thread 0x00000229ed2adb20 DEOPT PACKING pc=0x0000022980034ffc sp=0x000000f0b2cfddf0
Event: 0.170 Thread 0x00000229ed2adb20 DEOPT UNPACKING pc=0x000002298759a4c2 sp=0x000000f0b2cfd280 mode 0
Event: 0.170 Thread 0x00000229ed2adb20 DEOPT PACKING pc=0x0000022980034ffc sp=0x000000f0b2cfddf0
Event: 0.171 Thread 0x00000229ed2adb20 DEOPT UNPACKING pc=0x000002298759a4c2 sp=0x000000f0b2cfd280 mode 0
Event: 0.171 Thread 0x00000229ed2adb20 DEOPT PACKING pc=0x0000022980034ffc sp=0x000000f0b2cfddf0
Event: 0.171 Thread 0x00000229ed2adb20 DEOPT UNPACKING pc=0x000002298759a4c2 sp=0x000000f0b2cfd280 mode 0
Event: 0.171 Thread 0x00000229ed2adb20 DEOPT PACKING pc=0x0000022980034ffc sp=0x000000f0b2cfddf0
Event: 0.171 Thread 0x00000229ed2adb20 DEOPT UNPACKING pc=0x000002298759a4c2 sp=0x000000f0b2cfd280 mode 0
Event: 0.171 Thread 0x00000229ed2adb20 DEOPT PACKING pc=0x0000022980034ffc sp=0x000000f0b2cfddf0
Event: 0.171 Thread 0x00000229ed2adb20 DEOPT UNPACKING pc=0x000002298759a4c2 sp=0x000000f0b2cfd280 mode 0
Event: 0.172 Thread 0x00000229ed2adb20 DEOPT PACKING pc=0x0000022980007641 sp=0x000000f0b2cfe430
Event: 0.172 Thread 0x00000229ed2adb20 DEOPT UNPACKING pc=0x000002298759a4c2 sp=0x000000f0b2cfd8a8 mode 0
Event: 0.251 Thread 0x00000229ed2adb20 Uncommon trap: trap_request=0xffffff45 fr.pc=0x0000022987ad1634 relative=0x00000000000000b4
Event: 0.251 Thread 0x00000229ed2adb20 Uncommon trap: reason=unstable_if action=reinterpret pc=0x0000022987ad1634 method=java.lang.String.isLatin1()Z @ 10 c2
Event: 0.251 Thread 0x00000229ed2adb20 DEOPT PACKING pc=0x0000022987ad1634 sp=0x000000f0b2cfee60
Event: 0.251 Thread 0x00000229ed2adb20 DEOPT UNPACKING pc=0x0000022987599d22 sp=0x000000f0b2cfeda0 mode 2

Classes loaded (20 events):
Event: 0.248 Loading class java/io/Reader
Event: 0.248 Loading class java/io/Reader done
Event: 0.248 Loading class java/io/InputStreamReader
Event: 0.248 Loading class java/io/InputStreamReader done
Event: 0.249 Loading class java/net/Socket
Event: 0.249 Loading class java/lang/WeakPairMap$Pair$Weak
Event: 0.249 Loading class java/lang/WeakPairMap$WeakRefPeer
Event: 0.249 Loading class java/lang/WeakPairMap$WeakRefPeer done
Event: 0.249 Loading class java/lang/WeakPairMap$Pair$Weak done
Event: 0.249 Loading class java/lang/WeakPairMap$Pair$Weak$1
Event: 0.249 Loading class java/lang/WeakPairMap$Pair$Weak$1 done
Event: 0.251 Loading class java/net/Socket done
Event: 0.251 Loading class jdk/internal/vm/PostVMInitHook
Event: 0.251 Loading class jdk/internal/vm/PostVMInitHook done
Event: 0.251 Loading class jdk/internal/loader/URLClassPath$FileLoader$1
Event: 0.252 Loading class jdk/internal/loader/URLClassPath$FileLoader$1 done
Event: 0.252 Loading class java/net/InetSocketAddress
Event: 0.252 Loading class java/net/SocketAddress
Event: 0.252 Loading class java/net/SocketAddress done
Event: 0.252 Loading class java/net/InetSocketAddress done

Classes unloaded (0 events):
No events

Classes redefined (1 events):
Event: 0.250 Thread 0x00000229fd1fcd70 redefined class name=java.io.FileOutputStream, count=1

Internal exceptions (2 events):
Event: 0.242 Thread 0x00000229ed2adb20 Exception <a 'java/lang/NoSuchMethodError'{0x0000000714023718}: 'void java.lang.invoke.DirectMethodHandle$Holder.invokeStatic(java.lang.Object, java.lang.Object, java.lang.Object)'> (0x0000000714023718) 
thrown [s\open\src\hotspot\share\interpreter\linkResolver.cpp, line 773]
Event: 0.244 Thread 0x00000229ed2adb20 Exception <a 'java/lang/NoSuchMethodError'{0x000000071403ac20}: 'java.lang.Object java.lang.invoke.Invokers$Holder.invokeExact_MT(java.lang.Object, java.lang.Object, java.lang.Object, java.lang.Object, java.lang.Object)'> (0x000000071403ac20) 
thrown [s\open\src\hotspot\share\interpreter\linkResolver.cpp, line 773]

VM Operations (4 events):
Event: 0.249 Executing VM operation: RedefineClasses
Event: 0.250 Executing VM operation: RedefineClasses done
Event: 0.252 Executing VM operation: HandshakeAllThreads
Event: 0.252 Executing VM operation: HandshakeAllThreads done

Events (16 events):
Event: 0.030 Thread 0x00000229ed2adb20 Thread added: 0x00000229ed2adb20
Event: 0.041 Thread 0x00000229d401dff0 Thread added: 0x00000229d401dff0
Event: 0.041 Thread 0x00000229d401edf0 Thread added: 0x00000229d401edf0
Event: 0.041 Thread 0x00000229d4023d30 Thread added: 0x00000229d4023d30
Event: 0.041 Thread 0x00000229d40259b0 Thread added: 0x00000229d40259b0
Event: 0.041 Thread 0x00000229d4026550 Thread added: 0x00000229d4026550
Event: 0.041 Thread 0x00000229d4027450 Thread added: 0x00000229d4027450
Event: 0.041 Thread 0x00000229d402f8a0 Thread added: 0x00000229d402f8a0
Event: 0.042 Thread 0x00000229d4034360 Thread added: 0x00000229d4034360
Event: 0.135 Thread 0x00000229fd1dde50 Thread added: 0x00000229fd1dde50
Event: 0.172 Thread 0x00000229d42b3e60 Thread added: 0x00000229d42b3e60
Event: 0.248 Thread 0x00000229d43abea0 Thread added: 0x00000229d43abea0
Event: 0.251 Thread 0x00000229d43942e0 Thread added: 0x00000229d43942e0
Event: 0.252 Thread 0x00000229ed2adb20 Thread exited: 0x00000229ed2adb20
Event: 0.252 Thread 0x00000229ed2adb20 Thread added: 0x00000229ed2adb20
Event: 0.252 Thread 0x00000229ed2adb20 Thread exited: 0x00000229ed2adb20


Dynamic libraries:
0x00007ff697f80000 - 0x00007ff697f8e000 	C:\Users\rlmendoza\.jdks\openjdk-20.0.2\bin\java.exe
0x00007ffb2e610000 - 0x00007ffb2e824000 	C:\Windows\SYSTEM32\ntdll.dll
0x00007ffb2e350000 - 0x00007ffb2e414000 	C:\Windows\System32\KERNEL32.DLL
0x00007ffb2dfa0000 - 0x00007ffb2e344000 	C:\Windows\System32\KERNELBASE.dll
0x000000007be80000 - 0x000000007bebb000 	C:\Windows\System32\cyinjct.dll
0x00007ffb2de30000 - 0x00007ffb2de3c000 	C:\Windows\System32\ntnativeapi.dll
0x00007ffb26420000 - 0x00007ffb26437000 	C:\Users\rlmendoza\.jdks\openjdk-20.0.2\bin\jli.dll
0x00000229eccf0000 - 0x00000229ece9e000 	C:\Windows\System32\USER32.dll
0x00007ffb2bb30000 - 0x00007ffb2bb56000 	C:\Windows\System32\win32u.dll
0x00007ffb2dba0000 - 0x00007ffb2dbc9000 	C:\Windows\System32\GDI32.dll
0x00007ffb2bbd0000 - 0x00007ffb2bce8000 	C:\Windows\System32\gdi32full.dll
0x00007ffb2bdb0000 - 0x00007ffb2be4a000 	C:\Windows\System32\msvcp_win.dll
0x00000229ecea0000 - 0x00000229ecfb1000 	C:\Windows\System32\ucrtbase.dll
0x00007ffb204a0000 - 0x00007ffb204bb000 	C:\Users\rlmendoza\.jdks\openjdk-20.0.2\bin\VCRUNTIME140.dll
0x00007ffb16a70000 - 0x00007ffb16d03000 	C:\Windows\WinSxS\amd64_microsoft.windows.common-controls_6595b64144ccf1df_6.0.22621.2215_none_270d72677387dfc3\COMCTL32.dll
0x00007ffb2dbd0000 - 0x00007ffb2dc77000 	C:\Windows\System32\msvcrt.dll
0x00007ffb2de10000 - 0x00007ffb2de2e000 	C:\Windows\System32\cyvera.dll
0x00007ffb2dda0000 - 0x00007ffb2de0b000 	C:\Windows\System32\cyvrtrap.dll
0x00007ffb2c860000 - 0x00007ffb2c891000 	C:\Windows\System32\IMM32.DLL
0x00007ffb26410000 - 0x00007ffb2641c000 	C:\Users\rlmendoza\.jdks\openjdk-20.0.2\bin\vcruntime140_1.dll
0x00007ffb152c0000 - 0x00007ffb1534e000 	C:\Users\rlmendoza\.jdks\openjdk-20.0.2\bin\msvcp140.dll
0x00007ffab14f0000 - 0x00007ffab2188000 	C:\Users\rlmendoza\.jdks\openjdk-20.0.2\bin\server\jvm.dll
0x00007ffb2d180000 - 0x00007ffb2d230000 	C:\Windows\System32\ADVAPI32.dll
0x00007ffb2ced0000 - 0x00007ffb2cf76000 	C:\Windows\System32\sechost.dll
0x00007ffb2de80000 - 0x00007ffb2df97000 	C:\Windows\System32\RPCRT4.dll
0x00007ffb204c0000 - 0x00007ffb204c9000 	C:\Windows\SYSTEM32\WSOCK32.dll
0x00007ffb2d2f0000 - 0x00007ffb2d361000 	C:\Windows\System32\WS2_32.dll
0x00007ffb204d0000 - 0x00007ffb20504000 	C:\Windows\SYSTEM32\WINMM.dll
0x00007ffb24a50000 - 0x00007ffb24a5a000 	C:\Windows\SYSTEM32\VERSION.dll
0x00007ffb2a770000 - 0x00007ffb2a788000 	C:\Windows\SYSTEM32\kernel.appcore.dll
0x00007ffb203e0000 - 0x00007ffb203ea000 	C:\Users\rlmendoza\.jdks\openjdk-20.0.2\bin\jimage.dll
0x00007ffb26150000 - 0x00007ffb2637e000 	C:\Windows\SYSTEM32\DBGHELP.DLL
0x00007ffb2c940000 - 0x00007ffb2ccca000 	C:\Windows\System32\combase.dll
0x00007ffb2dc80000 - 0x00007ffb2dd57000 	C:\Windows\System32\OLEAUT32.dll
0x00007ffb02d30000 - 0x00007ffb02d62000 	C:\Windows\SYSTEM32\dbgcore.DLL
0x00007ffb2be50000 - 0x00007ffb2beca000 	C:\Windows\System32\bcryptPrimitives.dll
0x00007ffb20390000 - 0x00007ffb2039e000 	C:\Users\rlmendoza\.jdks\openjdk-20.0.2\bin\instrument.dll
0x00007ffb203b0000 - 0x00007ffb203d6000 	C:\Users\rlmendoza\.jdks\openjdk-20.0.2\bin\java.dll
0x00007ffb2dd60000 - 0x00007ffb2dd97000 	C:\Program Files\Palo Alto Networks\Traps\cyjagent.dll
0x00007ffb12ec0000 - 0x00007ffb12f97000 	C:\Users\rlmendoza\.jdks\openjdk-20.0.2\bin\jsvml.dll
0x00007ffb2d370000 - 0x00007ffb2db93000 	C:\Windows\System32\SHELL32.dll
0x00007ffb29510000 - 0x00007ffb29dfa000 	C:\Windows\SYSTEM32\windows.storage.dll
0x00007ffb293d0000 - 0x00007ffb2950e000 	C:\Windows\SYSTEM32\wintypes.dll
0x00007ffb2cd40000 - 0x00007ffb2ce33000 	C:\Windows\System32\SHCORE.dll
0x00007ffb2d230000 - 0x00007ffb2d28e000 	C:\Windows\System32\shlwapi.dll
0x00007ffb2b7d0000 - 0x00007ffb2b7f6000 	C:\Windows\SYSTEM32\profapi.dll
0x00007ffb1bcc0000 - 0x00007ffb1bcd8000 	C:\Users\rlmendoza\.jdks\openjdk-20.0.2\bin\zip.dll
0x00007ffb202f0000 - 0x00007ffb20303000 	C:\Users\rlmendoza\.jdks\openjdk-20.0.2\bin\net.dll
0x00007ffb2a7e0000 - 0x00007ffb2a917000 	C:\Windows\SYSTEM32\WINHTTP.dll
0x00007ffb2ad70000 - 0x00007ffb2add9000 	C:\Windows\system32\mswsock.dll
0x00007ffb1d980000 - 0x00007ffb1d996000 	C:\Users\rlmendoza\.jdks\openjdk-20.0.2\bin\nio.dll
0x00007ffb16730000 - 0x00007ffb1674a000 	C:\Program Files\JetBrains\IntelliJ IDEA Community Edition 2023.2.2\bin\breakgen64.dll

dbghelp: loaded successfully - version: 4.0.5 - missing functions: none
symbol engine: initialized successfully - sym options: 0x614 - pdb path: .;C:\Users\rlmendoza\.jdks\openjdk-20.0.2\bin;C:\Windows\SYSTEM32;C:\Windows\WinSxS\amd64_microsoft.windows.common-controls_6595b64144ccf1df_6.0.22621.2215_none_270d72677387dfc3;C:\Users\rlmendoza\.jdks\openjdk-20.0.2\bin\server;C:\Program Files\Palo Alto Networks\Traps;C:\Program Files\JetBrains\IntelliJ IDEA Community Edition 2023.2.2\bin

VM Arguments:
jvm_args: -javaagent:C:\Program Files\JetBrains\IntelliJ IDEA Community Edition 2023.2.2\lib\idea_rt.jar=57560:C:\Program Files\JetBrains\IntelliJ IDEA Community Edition 2023.2.2\bin -Dfile.encoding=UTF-8 -Dsun.stdout.encoding=UTF-8 -Dsun.stderr.encoding=UTF-8 -agentpath:C:\Program Files\Palo Alto Networks\Traps\cyjagent.dll 
java_command: com.hiberus.RestaurantApplication
java_class_path (initial): C:\Users\rlmendoza\Documents\Proyectos Curso\Kafka\gestion-opiniones-restaurantes\micro-agr\target\classes;C:\Users\rlmendoza\.m2\repository\org\hibernate\hibernate-core\5.6.11.Final\hibernate-core-5.6.11.Final.jar;C:\Users\rlmendoza\.m2\repository\org\jboss\logging\jboss-logging\3.4.3.Final\jboss-logging-3.4.3.Final.jar;C:\Users\rlmendoza\.m2\repository\javax\persistence\javax.persistence-api\2.2\javax.persistence-api-2.2.jar;C:\Users\rlmendoza\.m2\repository\net\bytebuddy\byte-buddy\1.12.17\byte-buddy-1.12.17.jar;C:\Users\rlmendoza\.m2\repository\antlr\antlr\2.7.7\antlr-2.7.7.jar;C:\Users\rlmendoza\.m2\repository\org\jboss\spec\javax\transaction\jboss-transaction-api_1.2_spec\1.1.1.Final\jboss-transaction-api_1.2_spec-1.1.1.Final.jar;C:\Users\rlmendoza\.m2\repository\org\jboss\jandex\2.4.2.Final\jandex-2.4.2.Final.jar;C:\Users\rlmendoza\.m2\repository\com\fasterxml\classmate\1.5.1\classmate-1.5.1.jar;C:\Users\rlmendoza\.m2\repository\javax\activation\javax.activation-api\1.2.0\javax.activation-api-1.2.0.jar;C:\Users\rlmendoza\.m2\repository\org\hibernate\common\hibernate-commons-annotations\5.1.2.Final\hibernate-commons-annotations-5.1.2.Final.jar;C:\Users\rlmendoza\.m2\repository\javax\xml\bind\jaxb-api\2.3.1\jaxb-api-2.3.1.jar;C:\Users\rlmendoza\.m2\repository\org\glassfish\jaxb\jaxb-runtime\2.3.6\jaxb-runtime-2.3.6.jar;C:\Users\rlmendoza\.m2\repository\org\glassfish\jaxb\txw2\2.3.6\txw2-2.3.6.jar;C:\Users\rlmendoza\.m2\repository\com\sun\istack\istack-commons-runtime\3.0.12\istack-commons-runtime-3.0.12.jar;C:\Users\rlmendoza\.m2\repository\com\sun\activation\jakarta.activation\1.2.2\jakarta.activation-1.2.2.jar;C:\Users\rlmendoza\.m2\repository\com\h2database\h2\2.2.224\h2-2.2.224.jar;C:\Users\rlmendoza\.m2\repository\org\springframework\boot\spring-boot-starter-data-jpa\2.7.5\spring-boot-starter-data-jpa-2.7.5.jar;C:\Users\rlmendoza\.m2\repository\org\springframework\boot\spring-boot-starter-aop\2.7.4\spring-boot-starter-aop-2.7.4.jar;C:\Users\rlmendoza\.m2\repository\org\springframework\spring-aop\5.3.23\spring-aop-5.3.23.jar;C:\Users\rlmendoza\.m2\repository\org\aspectj\aspectjweaver\1.9.7\aspectjweaver-1.9.7.jar;C:\Users\rlmendoza\.m2\repository\org\springframework\boot\spring-boot-starter-jdbc\2.7.4\spring-boot-starter-jdbc-2.7.4.jar;C:\Users\rlmendoza\.m2\repository\com\zaxxer\HikariCP\4.0.3\HikariCP-4.0.3.jar;C:\Users\rlmendoza\.m2\repository\org\springframework\spring-jdbc\5.3.23\spring-jdbc-5.3.23.jar;C:\Users\rlmendoza\.m2\repository\jakarta\transaction\jakarta.transaction-api\1.3.3\jakarta.transaction-api-1.3.3.jar;C:\Users\rlmendoza\.m2\repository\jakarta\persistence\jakarta.persistence-api\2.2.3\jakarta.persistence-api-2.2.3.jar;C:\Users\rlmendoza\.m2\repository\org\springframework\data\spring-data-jpa\2.7.3\spring-data-jpa-2.7.3.jar;C:\Users\rlmendoza\.m2\repository\org\springframework\data\spring-data-commons\2.7.3\spring-data-commons-2.7.3.jar;C:\Users\rlmendoza\.m2\repository\org\springframework\spring-orm\5.3.23\spring-orm-5.3.23.jar;C:\Users\rlmendoza\.m2\repository\org\springframework\spring-beans\5.3.23\spring-beans-5.3.23.jar;C:\Users\rlmendoza\.m2\repository\org\springframework\spring-aspects\5.3.23\spring-aspects-5.3.23.jar;C:\Users\rlmendoza\.m2\repository\org\springframework\boot\spring-boot-starter-web\2.7.4\spring-boot-starter-web-2.7.4.jar;C:\Users\rlmendoza\.m2\repository\org\springframework\boot\spring-boot-starter\2.7.4\spring-boot-starter-2.7.4.jar;C:\Users\rlmendoza\.m2\repository\org\springframework\boot\spring-boot-starter-logging\2.7.4\spring-boot-starter-logging-2.7.4.jar;C:\Users\rlmendoza\.m2\repository\ch\qos\logback\logback-classic\1.2.11\logback-classic-1.2.11.jar;C:\Users\rlmendoza\.m2\repository\ch\qos\logback\logback-core\1.2.11\logback-core-1.2.11.jar;C:\Users\rlmendoza\.m2\repository\org\apache\logging\log4j\log4j-to-slf4j\2.17.2\log4j-to-slf4j-2.17.2.jar;C:\Users\rlmendoza\.m2\repository\org\apache\logging\log4j\log4j-api\2.17.2\log4j-api-2.17.2.jar;C:\Users\rlmendoza\.m2\repository\org\slf4j\jul-to-slf4j\1.7.36\jul-to-slf4j-1.7.36.jar;C:\Users\rlmendoza\.m2\repository\jakarta\annotation\jakarta.annotation-api\1.3.5\jakarta.annotation-api-1.3.5.jar;C:\Users\rlmendoza\.m2\repository\org\yaml\snakeyaml\1.30\snakeyaml-1.30.jar;C:\Users\rlmendoza\.m2\repository\org\springframework\boot\spring-boot-starter-json\2.7.4\spring-boot-starter-json-2.7.4.jar;C:\Users\rlmendoza\.m2\repository\com\fasterxml\jackson\datatype\jackson-datatype-jdk8\2.13.4\jackson-datatype-jdk8-2.13.4.jar;C:\Users\rlmendoza\.m2\repository\com\fasterxml\jackson\datatype\jackson-datatype-jsr310\2.13.4\jackson-datatype-jsr310-2.13.4.jar;C:\Users\rlmendoza\.m2\repository\com\fasterxml\jackson\module\jackson-module-parameter-names\2.13.4\jackson-module-parameter-names-2.13.4.jar;C:\Users\rlmendoza\.m2\repository\org\springframework\boot\spring-boot-starter-tomcat\2.7.4\spring-boot-starter-tomcat-2.7.4.jar;C:\Users\rlmendoza\.m2\repository\org\apache\tomcat\embed\tomcat-embed-core\9.0.65\tomcat-embed-core-9.0.65.jar;C:\Users\rlmendoza\.m2\repository\org\apache\tomcat\embed\tomcat-embed-websocket\9.0.65\tomcat-embed-websocket-9.0.65.jar;C:\Users\rlmendoza\.m2\repository\org\springframework\spring-web\5.3.23\spring-web-5.3.23.jar;C:\Users\rlmendoza\.m2\repository\org\springframework\spring-webmvc\5.3.23\spring-webmvc-5.3.23.jar;C:\Users\rlmendoza\.m2\repository\org\springframework\spring-expression\5.3.23\spring-expression-5.3.23.jar;C:\Users\rlmendoza\.m2\repository\org\projectlombok\lombok\1.18.24\lombok-1.18.24.jar;C:\Users\rlmendoza\.m2\repository\jakarta\xml\bind\jakarta.xml.bind-api\2.3.3\jakarta.xml.bind-api-2.3.3.jar;C:\Users\rlmendoza\.m2\repository\jakarta\activation\jakarta.activation-api\1.2.2\jakarta.activation-api-1.2.2.jar;C:\Users\rlmendoza\.m2\repository\org\springframework\spring-core\5.3.23\spring-core-5.3.23.jar;C:\Users\rlmendoza\.m2\repository\org\springframework\spring-jcl\5.3.23\spring-jcl-5.3.23.jar;C:\Users\rlmendoza\.m2\repository\org\springframework\boot\spring-boot-starter-validation\2.7.4\spring-boot-starter-validation-2.7.4.jar;C:\Users\rlmendoza\.m2\repository\org\apache\tomcat\embed\tomcat-embed-el\9.0.65\tomcat-embed-el-9.0.65.jar;C:\Users\rlmendoza\.m2\repository\org\hibernate\validator\hibernate-validator\6.2.5.Final\hibernate-validator-6.2.5.Final.jar;C:\Users\rlmendoza\.m2\repository\jakarta\validation\jakarta.validation-api\2.0.2\jakarta.validation-api-2.0.2.jar;C:\Users\rlmendoza\.m2\repository\org\springframework\boot\spring-boot-test\2.7.4\spring-boot-test-2.7.4.jar;C:\Users\rlmendoza\.m2\repository\org\springframework\boot\spring-boot\2.7.4\spring-boot-2.7.4.jar;C:\Users\rlmendoza\.m2\repository\org\springframework\spring-test\5.3.23\spring-test-5.3.23.jar;C:\Users\rlmendoza\.m2\repository\org\springdoc\springdoc-openapi-ui\1.6.11\springdoc-openapi-ui-1.6.11.jar;C:\Users\rlmendoza\.m2\repository\org\springdoc\springdoc-openapi-webmvc-core\1.6.11\springdoc-openapi-webmvc-core-1.6.11.jar;C:\Users\rlmendoza\.m2\repository\org\springdoc\springdoc-openapi-common\1.6.11\springdoc-openapi-common-1.6.11.jar;C:\Users\rlmendoza\.m2\repository\io\swagger\core\v3\swagger-core\2.2.2\swagger-core-2.2.2.jar;C:\Users\rlmendoza\.m2\repository\com\fasterxml\jackson\dataformat\jackson-dataformat-yaml\2.13.4\jackson-dataformat-yaml-2.13.4.jar;C:\Users\rlmendoza\.m2\repository\io\swagger\core\v3\swagger-models\2.2.2\swagger-models-2.2.2.jar;C:\Users\rlmendoza\.m2\repository\org\webjars\swagger-ui\4.14.0\swagger-ui-4.14.0.jar;C:\Users\rlmendoza\.m2\repository\org\webjars\webjars-locator-core\0.50\webjars-locator-core-0.50.jar;C:\Users\rlmendoza\.m2\repository\io\github\classgraph\classgraph\4.8.149\classgraph-4.8.149.jar;C:\Users\rlmendoza\.m2\repository\org\springframework\kafka\spring-kafka\2.8.9\spring-kafka-2.8.9.jar;C:\Users\rlmendoza\.m2\repository\org\springframework\spring-context\5.3.23\spring-context-5.3.23.jar;C:\Users\rlmendoza\.m2\repository\org\springframework\spring-messaging\5.3.23\spring-messaging-5.3.23.jar;C:\Users\rlmendoza\.m2\repository\org\springframework\spring-tx\5.3.23\spring-tx-5.3.23.jar;C:\Users\rlmendoza\.m2\repository\org\springframework\retry\spring-retry\1.3.3\spring-retry-1.3.3.jar;C:\Users\rlmendoza\.m2\repository\org\apache\kafka\kafka-clients\3.1.2\kafka-clients-3.1.2.jar;C:\Users\rlmendoza\.m2\repository\com\github\luben\zstd-jni\1.5.0-4\zstd-jni-1.5.0-4.jar;C:\Users\rlmendoza\.m2\repository\org\lz4\lz4-java\1.8.0\lz4-java-1.8.0.jar;C:\Users\rlmendoza\.m2\repository\org\xerial\snappy\snappy-java\1.1.8.4\snappy-java-1.1.8.4.jar;C:\Users\rlmendoza\.m2\repository\com\google\code\findbugs\jsr305\3.0.2\jsr305-3.0.2.jar;C:\Users\rlmendoza\.m2\repository\org\springframework\cloud\spring-cloud-stream-binder-kafka\3.0.4.RELEASE\spring-cloud-stream-binder-kafka-3.0.4.RELEASE.jar;C:\Users\rlmendoza\.m2\repository\org\springframework\cloud\spring-cloud-stream-binder-kafka-core\3.0.4.RELEASE\spring-cloud-stream-binder-kafka-core-3.0.4.RELEASE.jar;C:\Users\rlmendoza\.m2\repository\org\springframework\integration\spring-integration-kafka\5.5.15\spring-integration-kafka-5.5.15.jar;C:\Users\rlmendoza\.m2\repository\org\springframework\cloud\spring-cloud-stream\3.0.4.RELEASE\spring-cloud-stream-3.0.4.RELEASE.jar;C:\Users\rlmendoza\.m2\repository\org\springframework\integration\spring-integration-core\5.5.15\spring-integration-core-5.5.15.jar;C:\Users\rlmendoza\.m2\repository\io\projectreactor\reactor-core\3.4.23\reactor-core-3.4.23.jar;C:\Users\rlmendoza\.m2\repository\org\reactivestreams\reactive-streams\1.0.4\reactive-streams-1.0.4.jar;C:\Users\rlmendoza\.m2\repository\org\springframework\integration\spring-integration-jmx\5.5.15\spring-integration-jmx-5.5.15.jar;C:\Users\rlmendoza\.m2\repository\org\springframework\cloud\spring-cloud-function-context\3.0.6.RELEASE\spring-cloud-function-context-3.0.6.RELEASE.jar;C:\Users\rlmendoza\.m2\repository\net\jodah\typetools\0.6.2\typetools-0.6.2.jar;C:\Users\rlmendoza\.m2\repository\org\springframework\cloud\spring-cloud-function-core\3.0.6.RELEASE\spring-cloud-function-core-3.0.6.RELEASE.jar;C:\Users\rlmendoza\.m2\repository\javax\annotation\javax.annotation-api\1.3.2\javax.annotation-api-1.3.2.jar;C:\Users\rlmendoza\.m2\repository\io\confluent\kafka-streams-avro-serde\5.5.0\kafka-streams-avro-serde-5.5.0.jar;C:\Users\rlmendoza\.m2\repository\io\confluent\common-utils\5.5.0\common-utils-5.5.0.jar;C:\Users\rlmendoza\.m2\repository\org\springframework\cloud\spring-cloud-starter-stream-kafka\3.0.4.RELEASE\spring-cloud-starter-stream-kafka-3.0.4.RELEASE.jar;C:\Users\rlmendoza\.m2\repository\io\confluent\kafka-schema-registry-client\7.1.0\kafka-schema-registry-client-7.1.0.jar;C:\Users\rlmendoza\.m2\repository\org\apache\commons\commons-compress\1.21\commons-compress-1.21.jar;C:\Users\rlmendoza\.m2\repository\com\fasterxml\jackson\core\jackson-databind\2.13.4\jackson-databind-2.13.4.jar;C:\Users\rlmendoza\.m2\repository\com\fasterxml\jackson\core\jackson-annotations\2.13.4\jackson-annotations-2.13.4.jar;C:\Users\rlmendoza\.m2\repository\io\swagger\core\v3\swagger-annotations\2.1.10\swagger-annotations-2.1.10.jar;C:\Users\rlmendoza\.m2\repository\com\google\guava\guava\30.1.1-jre\guava-30.1.1-jre.jar;C:\Users\rlmendoza\.m2\repository\com\google\guava\failureaccess\1.0.1\failureaccess-1.0.1.jar;C:\Users\rlmendoza\.m2\repository\com\google\guava\listenablefuture\9999.0-empty-to-avoid-conflict-with-guava\listenablefuture-9999.0-empty-to-avoid-conflict-with-guava.jar;C:\Users\rlmendoza\.m2\repository\org\checkerframework\checker-qual\3.8.0\checker-qual-3.8.0.jar;C:\Users\rlmendoza\.m2\repository\com\google\errorprone\error_prone_annotations\2.5.1\error_prone_annotations-2.5.1.jar;C:\Users\rlmendoza\.m2\repository\com\google\j2objc\j2objc-annotations\1.3\j2objc-annotations-1.3.jar;C:\Users\rlmendoza\.m2\repository\io\confluent\kafka-avro-serializer\7.0.1\kafka-avro-serializer-7.0.1.jar;C:\Users\rlmendoza\.m2\repository\io\confluent\kafka-schema-serializer\7.0.1\kafka-schema-serializer-7.0.1.jar;C:\Users\rlmendoza\.m2\repository\org\springframework\cloud\spring-cloud-stream-binder-kafka-streams\3.0.4.RELEASE\spring-cloud-stream-binder-kafka-streams-3.0.4.RELEASE.jar;C:\Users\rlmendoza\.m2\repository\org\apache\kafka\kafka-streams\3.1.2\kafka-streams-3.1.2.jar;C:\Users\rlmendoza\.m2\repository\org\rocksdb\rocksdbjni\6.22.1.1\rocksdbjni-6.22.1.1.jar;C:\Users\rlmendoza\.m2\repository\org\springframework\boot\spring-boot-autoconfigure\2.7.4\spring-boot-autoconfigure-2.7.4.jar;C:\Users\rlmendoza\.m2\repository\com\google\code\gson\gson\2.8.5\gson-2.8.5.jar;C:\Users\rlmendoza\.m2\repository\org\mapstruct\mapstruct\1.5.2.Final\mapstruct-1.5.2.Final.jar;C:\Users\rlmendoza\.m2\repository\org\mapstruct\mapstruct-processor\1.5.2.Final\mapstruct-processor-1.5.2.Final.jar;C:\Users\rlmendoza\.m2\repository\org\apache\avro\avro\1.11.1\avro-1.11.1.jar;C:\Users\rlmendoza\.m2\repository\com\fasterxml\jackson\core\jackson-core\2.13.4\jackson-core-2.13.4.jar;C:\Users\rlmendoza\.m2\repository\org\slf4j\slf4j-api\1.7.36\slf4j-api-1.7.36.jar;C:\Users\rlmendoza\.m2\repository\org\apache\avro\avro-maven-plugin\1.11.1\avro-maven-plugin-1.11.1.jar;C:\Users\rlmendoza\.m2\repository\org\apache\maven\maven-core\3.3.9\maven-core-3.3.9.jar;C:\Users\rlmendoza\.m2\repository\org\apache\maven\maven-model\3.3.9\maven-model-3.3.9.jar;C:\Users\rlmendoza\.m2\repository\org\apache\maven\maven-settings\3.3.9\maven-settings-3.3.9.jar;C:\Users\rlmendoza\.m2\repository\org\apache\maven\maven-settings-builder\3.3.9\maven-settings-builder-3.3.9.jar;C:\Users\rlmendoza\.m2\repository\org\apache\maven\maven-builder-support\3.3.9\maven-builder-support-3.3.9.jar;C:\Users\rlmendoza\.m2\repository\org\apache\maven\maven-repository-metadata\3.3.9\maven-repository-metadata-3.3.9.jar;C:\Users\rlmendoza\.m2\repository\org\apache\maven\maven-artifact\3.3.9\maven-artifact-3.3.9.jar;C:\Users\rlmendoza\.m2\repository\org\apache\maven\maven-plugin-api\3.3.9\maven-plugin-api-3.3.9.jar;C:\Users\rlmendoza\.m2\repository\org\apache\maven\maven-model-builder\3.3.9\maven-model-builder-3.3.9.jar;C:\Users\rlmendoza\.m2\repository\org\apache\maven\maven-aether-provider\3.3.9\maven-aether-provider-3.3.9.jar;C:\Users\rlmendoza\.m2\repository\org\eclipse\aether\aether-spi\1.0.2.v20150114\aether-spi-1.0.2.v20150114.jar;C:\Users\rlmendoza\.m2\repository\org\eclipse\aether\aether-impl\1.0.2.v20150114\aether-impl-1.0.2.v20150114.jar;C:\Users\rlmendoza\.m2\repository\org\eclipse\aether\aether-api\1.0.2.v20150114\aether-api-1.0.2.v20150114.jar;C:\Users\rlmendoza\.m2\repository\org\eclipse\aether\aether-util\1.0.2.v20150114\aether-util-1.0.2.v20150114.jar;C:\Users\rlmendoza\.m2\repository\org\eclipse\sisu\org.eclipse.sisu.plexus\0.3.2\org.eclipse.sisu.plexus-0.3.2.jar;C:\Users\rlmendoza\.m2\repository\javax\enterprise\cdi-api\1.0\cdi-api-1.0.jar;C:\Users\rlmendoza\.m2\repository\javax\annotation\jsr250-api\1.0\jsr250-api-1.0.jar;C:\Users\rlmendoza\.m2\repository\org\eclipse\sisu\org.eclipse.sisu.inject\0.3.2\org.eclipse.sisu.inject-0.3.2.jar;C:\Users\rlmendoza\.m2\repository\com\google\inject\guice\4.0\guice-4.0-no_aop.jar;C:\Users\rlmendoza\.m2\repository\javax\inject\javax.inject\1\javax.inject-1.jar;C:\Users\rlmendoza\.m2\repository\aopalliance\aopalliance\1.0\aopalliance-1.0.jar;C:\Users\rlmendoza\.m2\repository\org\codehaus\plexus\plexus-interpolation\1.21\plexus-interpolation-1.21.jar;C:\Users\rlmendoza\.m2\repository\org\codehaus\plexus\plexus-utils\3.0.22\plexus-utils-3.0.22.jar;C:\Users\rlmendoza\.m2\repository\org\codehaus\plexus\plexus-classworlds\2.5.2\plexus-classworlds-2.5.2.jar;C:\Users\rlmendoza\.m2\repository\org\codehaus\plexus\plexus-component-annotations\1.6\plexus-component-annotations-1.6.jar;C:\Users\rlmendoza\.m2\repository\org\sonatype\plexus\plexus-sec-dispatcher\1.3\plexus-sec-dispatcher-1.3.jar;C:\Users\rlmendoza\.m2\repository\org\sonatype\plexus\plexus-cipher\1.4\plexus-cipher-1.4.jar;C:\Users\rlmendoza\.m2\repository\org\apache\commons\commons-lang3\3.12.0\commons-lang3-3.12.0.jar;C:\Users\rlmendoza\.m2\repository\org\apache\maven\shared\file-management\3.1.0\file-management-3.1.0.jar;C:\Users\rlmendoza\.m2\repository\commons-io\commons-io\2.11.0\commons-io-2.11.0.jar;C:\Users\rlmendoza\.m2\repository\org\apache\avro\avro-compiler\1.11.1\avro-compiler-1.11.1.jar;C:\Users\rlmendoza\.m2\repository\org\apache\commons\commons-text\1.9\commons-text-1.9.jar;C:\Users\rlmendoza\.m2\repository\org\apache\velocity\velocity-engine-core\2.3\velocity-engine-core-2.3.jar
Launcher Type: SUN_STANDARD

[Global flags]
     intx CICompilerCount                          = 4                                         {product} {ergonomic}
     uint ConcGCThreads                            = 3                                         {product} {ergonomic}
     uint G1ConcRefinementThreads                  = 10                                        {product} {ergonomic}
   size_t G1HeapRegionSize                         = 2097152                                   {product} {ergonomic}
    uintx GCDrainStackTargetSize                   = 64                                        {product} {ergonomic}
   size_t InitialHeapSize                          = 264241152                                 {product} {ergonomic}
   size_t MarkStackSize                            = 4194304                                   {product} {ergonomic}
   size_t MaxHeapSize                              = 4211081216                                {product} {ergonomic}
   size_t MaxNewSize                               = 2524971008                                {product} {ergonomic}
   size_t MinHeapDeltaBytes                        = 2097152                                   {product} {ergonomic}
   size_t MinHeapSize                              = 8388608                                   {product} {ergonomic}
    uintx NonNMethodCodeHeapSize                   = 5839372                                {pd product} {ergonomic}
    uintx NonProfiledCodeHeapSize                  = 122909434                              {pd product} {ergonomic}
    uintx ProfiledCodeHeapSize                     = 122909434                              {pd product} {ergonomic}
    uintx ReservedCodeCacheSize                    = 251658240                              {pd product} {ergonomic}
     bool SegmentedCodeCache                       = true                                      {product} {ergonomic}
   size_t SoftMaxHeapSize                          = 4211081216                             {manageable} {ergonomic}
     bool UseCompressedClassPointers               = true                           {product lp64_product} {ergonomic}
     bool UseCompressedOops                        = true                           {product lp64_product} {ergonomic}
     bool UseG1GC                                  = true                                      {product} {ergonomic}
     bool UseLargePagesIndividualAllocation        = false                                  {pd product} {ergonomic}

Logging:
Log output configuration:
 #0: stdout all=warning uptime,level,tags foldmultilines=false
 #1: stderr all=off uptime,level,tags foldmultilines=false

Environment Variables:
JAVA_HOME=C:\Users\rlmendoza\.jdks\openjdk-20.0.2
PATH=C:\Windows\system32;C:\Windows;C:\Windows\System32\Wbem;C:\Windows\System32\WindowsPowerShell\v1.0\;C:\Windows\System32\OpenSSH\;C:\Users\rlmendoza\.jdks\openjdk-20.0.2\bin;C:\Program Files\Docker\Docker\resources\bin;C:\Users\rlmendoza\.jdks\openjdk-20.0.2\bin;C:\Users\rlmendoza\.jdks\openjdk-20.0.2;C:\Program Files\Git\cmd;C:\Users\rlmendoza\Documents\apache-maven-3.9.4\bin;C:\Program Files\PostgreSQL\16\bin;C:\Users\rlmendoza\Downloads\Programas\mongosh-2.0.1-win32-x64\mongosh-2.0.1-win32-x64\bin;C:\Users\rlmendoza\Downloads\Programas\mongosh-2.0.1-win32-x64\mongosh-2.0.1-win32-x64;C:\Program Files\MySQL\MySQL Server 8.1\bin;C:\Users\rlmendoza\Documents\apache-maven-3.9.4;C:\Users\rlmendoza\AppData\Local\Microsoft\WindowsApps;C:\Program Files (x86)\Sophos\Sophos SSL VPN Client\bin;C:\Program Files\JetBrains\IntelliJ IDEA Community Edition 2023.2.2\bin;;C:\Users\rlmendoza\.jdks\openjdk-20.0.2\bin;C:\Users\rlmendoza\.jdks\openjdk-20.0.2;C:\Users\rlmendoza\Documents\apache-maven-3.9.4\bin;C:\Users\rlmendoza\AppData\Local\Programs\Microsoft VS Code\bin;C:\Program Files\PostgreSQL\16\bin;C:\Users\rlmendoza\Downloads\Programas\mongosh-2.0.1-win32-x64\mongosh-2.0.1-win32-x64\bin;C:\Users\rlmendoza\Documents\apache-maven-3.9.4;
USERNAME=rlmendoza
OS=Windows_NT
PROCESSOR_IDENTIFIER=Intel64 Family 6 Model 154 Stepping 4, GenuineIntel
TMP=C:\Users\RLMEND~1\AppData\Local\Temp
TEMP=C:\Users\RLMEND~1\AppData\Local\Temp




---------------  S Y S T E M  ---------------

OS:
 Windows 11 , 64 bit Build 22621 (10.0.22621.2215)
OS uptime: 2 days 8:20 hours
Hyper-V role detected

CPU: total 12 (initial active 12) (6 cores per cpu, 2 threads per core) family 6 model 154 stepping 4 microcode 0x42c, cx8, cmov, fxsr, ht, mmx, 3dnowpref, sse, sse2, sse3, ssse3, sse4.1, sse4.2, popcnt, lzcnt, tsc, tscinvbit, avx, avx2, aes, erms, clmul, bmi1, bmi2, adx, sha, fma, vzeroupper, clflush, clflushopt, clwb, hv, serialize, rdtscp, rdpid, fsrm, f16c, cet_ibt, cet_ss

Memory: 4k page, system-wide physical 16059M (2452M free)
TotalPageFile size 35515M (AvailPageFile size 5367M)
current process WorkingSet (physical memory assigned to process): 53M, peak: 53M
current process commit charge ("private bytes"): 350M, peak: 351M

vm_info: OpenJDK 64-Bit Server VM (20.0.2+9-78) for windows-amd64 JRE (20.0.2+9-78), built on 2023-06-14T10:08:48Z by "mach5one" with MS VC++ 17.1 (VS2022)

END.
